<?xml version="1.0" encoding="UTF-8"?>
<testng-results skipped="0" failed="0" ignored="0" total="2" passed="2">
  <reporter-output>
  </reporter-output>
  <suite name="Basic_Suite" duration-ms="488" started-at="2020-03-22T21:05:47 IST" finished-at="2020-03-22T21:05:47 IST">
    <groups>
    </groups>
    <test name="Test" duration-ms="488" started-at="2020-03-22T21:05:47 IST" finished-at="2020-03-22T21:05:47 IST">
      <class name="seleniumtestngbasic.LoginTest">
        <test-method status="PASS" signature="setUp()[pri:0, instance:seleniumtestngbasic.LoginTest@589838eb]" name="setUp" is-config="true" duration-ms="20" started-at="2020-03-22T21:05:47 IST" finished-at="2020-03-22T21:05:47 IST">
          <reporter-output>
          </reporter-output>
        </test-method> <!-- setUp -->
        <test-method status="PASS" signature="doRegistration()[pri:0, instance:seleniumtestngbasic.LoginTest@589838eb]" name="doRegistration" duration-ms="3" started-at="2020-03-22T21:05:47 IST" finished-at="2020-03-22T21:05:47 IST">
          <reporter-output>
          </reporter-output>
        </test-method> <!-- doRegistration -->
        <test-method status="PASS" signature="teardown()[pri:0, instance:seleniumtestngbasic.LoginTest@589838eb]" name="teardown" is-config="true" duration-ms="2" started-at="2020-03-22T21:05:47 IST" finished-at="2020-03-22T21:05:47 IST">
          <reporter-output>
          </reporter-output>
        </test-method> <!-- teardown -->
        <test-method status="PASS" signature="setUp()[pri:0, instance:seleniumtestngbasic.LoginTest@589838eb]" name="setUp" is-config="true" duration-ms="1" started-at="2020-03-22T21:05:47 IST" finished-at="2020-03-22T21:05:47 IST">
          <reporter-output>
          </reporter-output>
        </test-method> <!-- setUp -->
        <test-method status="PASS" signature="loginUser()[pri:0, instance:seleniumtestngbasic.LoginTest@589838eb]" name="loginUser" duration-ms="0" started-at="2020-03-22T21:05:47 IST" finished-at="2020-03-22T21:05:47 IST">
          <reporter-output>
          </reporter-output>
        </test-method> <!-- loginUser -->
        <test-method status="PASS" signature="teardown()[pri:0, instance:seleniumtestngbasic.LoginTest@589838eb]" name="teardown" is-config="true" duration-ms="1" started-at="2020-03-22T21:05:47 IST" finished-at="2020-03-22T21:05:47 IST">
          <reporter-output>
          </reporter-output>
        </test-method> <!-- teardown -->
      </class> <!-- seleniumtestngbasic.LoginTest -->
    </test> <!-- Test -->
  </suite> <!-- Basic_Suite -->
</testng-results>
