<?xml version="1.0" encoding="UTF-8"?>
<testng-results skipped="0" failed="0" ignored="0" total="2" passed="2">
  <reporter-output>
  </reporter-output>
  <suite name="seleniumtestngbasic.LoginTest" duration-ms="120" started-at="2020-03-21T19:42:20 IST" finished-at="2020-03-21T19:42:20 IST">
    <groups>
    </groups>
    <test name="Command line test" duration-ms="120" started-at="2020-03-21T19:42:20 IST" finished-at="2020-03-21T19:42:20 IST">
      <class name="seleniumtestngbasic.LoginTest">
        <test-method status="PASS" signature="setUp()[pri:0, instance:seleniumtestngbasic.LoginTest@42e26948]" name="setUp" is-config="true" duration-ms="12" started-at="2020-03-21T19:42:20 IST" finished-at="2020-03-21T19:42:20 IST">
          <reporter-output>
          </reporter-output>
        </test-method> <!-- setUp -->
        <test-method status="PASS" signature="doRegistration()[pri:0, instance:seleniumtestngbasic.LoginTest@42e26948]" name="doRegistration" duration-ms="1" started-at="2020-03-21T19:42:20 IST" finished-at="2020-03-21T19:42:20 IST">
          <reporter-output>
          </reporter-output>
        </test-method> <!-- doRegistration -->
        <test-method status="PASS" signature="teardown()[pri:0, instance:seleniumtestngbasic.LoginTest@42e26948]" name="teardown" is-config="true" duration-ms="0" started-at="2020-03-21T19:42:20 IST" finished-at="2020-03-21T19:42:20 IST">
          <reporter-output>
          </reporter-output>
        </test-method> <!-- teardown -->
        <test-method status="PASS" signature="setUp()[pri:0, instance:seleniumtestngbasic.LoginTest@42e26948]" name="setUp" is-config="true" duration-ms="1" started-at="2020-03-21T19:42:20 IST" finished-at="2020-03-21T19:42:20 IST">
          <reporter-output>
          </reporter-output>
        </test-method> <!-- setUp -->
        <test-method status="PASS" signature="loginUser()[pri:0, instance:seleniumtestngbasic.LoginTest@42e26948]" name="loginUser" duration-ms="0" started-at="2020-03-21T19:42:20 IST" finished-at="2020-03-21T19:42:20 IST">
          <reporter-output>
          </reporter-output>
        </test-method> <!-- loginUser -->
        <test-method status="PASS" signature="teardown()[pri:0, instance:seleniumtestngbasic.LoginTest@42e26948]" name="teardown" is-config="true" duration-ms="0" started-at="2020-03-21T19:42:20 IST" finished-at="2020-03-21T19:42:20 IST">
          <reporter-output>
          </reporter-output>
        </test-method> <!-- teardown -->
      </class> <!-- seleniumtestngbasic.LoginTest -->
    </test> <!-- Command line test -->
  </suite> <!-- seleniumtestngbasic.LoginTest -->
</testng-results>
